<?xml version="1.0" encoding="UTF-8"?>
<!-- Generated by org.testng.reporters.JUnitReportReporter -->
<testsuite skipped="0" hostname="psanchez" name="oracle.java.erpsol.com.esb.report.quality.certificate.TestGeneratePDF" tests="1" failures="0" timestamp="2020-10-24T13:55:00 CDT" time="0.005" errors="0">
  <testcase name="testCalcOne" time="0.005" classname="oracle.java.erpsol.com.esb.report.quality.certificate.TestGeneratePDF"/>
  <system-out/>
</testsuite> <!-- oracle.java.erpsol.com.esb.report.quality.certificate.TestGeneratePDF -->
